<?xml version="1.0" encoding="UTF-8"?>
<testsuite xmlns:xsi="http://www.w3.org/2001/XMLSchema-instance" xsi:noNamespaceSchemaLocation="https://maven.apache.org/surefire/maven-surefire-plugin/xsd/surefire-test-report.xsd" name="org.example.testRunner.TestRunner" time="75.206" tests="6" errors="0" skipped="0" failures="0">
  <properties>
[...]
</properties>
  <testcase name="User adds a new item to the TodoList" classname="TodoList" time="22.522"/>
  <testcase name="User adds multiple items to the TodoList" classname="TodoList" time="5.119"/>
  <testcase name="User renames an item in the TodoList" classname="TodoList" time="5.604"/>
  <testcase name="User marks an item as completed in the TodoList" classname="TodoList" time="4.157"/>
  <testcase name="User deletes an item from the TodoList" classname="TodoList" time="26.683"/>
  <testcase name="User mark item as completed and clears the completed items" classname="TodoList" time="8.666"/>
</testsuite>